C51 COMPILER V9.00   F120_MIDI                                                             10/12/2013 13:34:18 PAGE 1   


C51 COMPILER V9.00, COMPILATION OF MODULE F120_MIDI
OBJECT MODULE PLACED IN F120_Midi.OBJ
COMPILER INVOKED BY: d:\Program Files\Keil\C51\BIN\C51.EXE F120_Midi.c BROWSE DEBUG OBJECTEXTEND

line level    source

   1          #include <common.h>
   2          #include <c8051f120.h>
   3          #include <F120_Midi.h>
   4          #include <F120_UART0.h>
   5          
   6          
   7          void KeyBoard_Init(void)
   8          {
   9   1         char SFRPAGE_SAVE = SFRPAGE;        // Save Current SFR page
  10   1      
  11   1         SFRPAGE = CONFIG_PAGE;              // Set SFR page
  12   1      
  13   1         P3MDOUT = 0x00;
  14   1         P2MDOUT = 0x00;
  15   1         P3 = 0xff;
  16   1         P2 = 0xff;
  17   1         P1MDOUT |= 0xff;
  18   1      
  19   1      //   XBR2     = 0x40;                    // Enable crossbar and weak pull-up
  20   1                                             
  21   1         SFRPAGE = SFRPAGE_SAVE;             // Restore SFR page
  22   1      }
  23          
  24          void Port_Res(void)
  25          {
  26   1          SFRPAGE = CONFIG_PAGE;
  27   1          P2MDOUT = 0xff;
  28   1              P3MDOUT = 0xff;
  29   1              P1 = 0xff;
  30   1              P2 = 0xff;
  31   1              P3 = 0xff;
  32   1              P2MDOUT = 0x00;
  33   1              P3MDOUT = 0x00;
  34   1              P2 = 0xff;
  35   1              P3 = 0xff;
  36   1      }
  37          
  38          void Send_Midi_Cmd(uchar cc,uchar kk,uchar vv)
  39          {
  40   1          SFRPAGE = UART0_PAGE;
  41   1          Send_Byte(cc);
  42   1              Send_Byte(kk);
  43   1              Send_Byte(vv);
  44   1      }


MODULE INFORMATION:   STATIC OVERLAYABLE
   CODE SIZE        =     72    ----
   CONSTANT SIZE    =   ----    ----
   XDATA SIZE       =   ----    ----
   PDATA SIZE       =   ----    ----
   DATA SIZE        =   ----       2
   IDATA SIZE       =   ----    ----
   BIT SIZE         =   ----    ----
END OF MODULE INFORMATION.

C51 COMPILER V9.00   F120_MIDI                                                             10/12/2013 13:34:18 PAGE 2   


C51 COMPILATION COMPLETE.  0 WARNING(S),  0 ERROR(S)
